<?xml version="1.0" encoding="UTF-8"?>
<testng-results skipped="0" failed="0" total="1" passed="1">
  <reporter-output>
    <line>
      <![CDATA[DatePicker selection is  Successful]]>
    </line>
    <line>
      <![CDATA[DatePicker selection is  Successful]]>
    </line>
    <line>
      <![CDATA[DatePicker selection is  Successful]]>
    </line>
    <line>
      <![CDATA[DatePicker selection is  Successful]]>
    </line>
    <line>
      <![CDATA[DatePicker selection is  Successful]]>
    </line>
    <line>
      <![CDATA[DatePicker selection is  Successful]]>
    </line>
    <line>
      <![CDATA[DatePicker selection is  Successful]]>
    </line>
    <line>
      <![CDATA[DatePicker selection is  Successful]]>
    </line>
    <line>
      <![CDATA[DatePicker selection is  Successful]]>
    </line>
    <line>
      <![CDATA[DatePicker selection is  Successful]]>
    </line>
    <line>
      <![CDATA[DatePicker selection is  Successful]]>
    </line>
    <line>
      <![CDATA[DatePicker selection is  Successful]]>
    </line>
    <line>
      <![CDATA[DatePicker selection is  Successful]]>
    </line>
    <line>
      <![CDATA[DatePicker selection is  Successful]]>
    </line>
    <line>
      <![CDATA[DatePicker selection is  Successful]]>
    </line>
    <line>
      <![CDATA[DatePicker selection is  Successful]]>
    </line>
    <line>
      <![CDATA[DatePicker selection is  Successful]]>
    </line>
    <line>
      <![CDATA[DatePicker selection is  Successful]]>
    </line>
    <line>
      <![CDATA[DatePicker selection is  Successful]]>
    </line>
    <line>
      <![CDATA[DatePicker selection is  Successful]]>
    </line>
    <line>
      <![CDATA[DatePicker selection is  Successful]]>
    </line>
    <line>
      <![CDATA[DatePicker selection is  Successful]]>
    </line>
    <line>
      <![CDATA[DatePicker selection is  Successful]]>
    </line>
    <line>
      <![CDATA[DatePicker selection is  Successful]]>
    </line>
    <line>
      <![CDATA[DatePicker selection is  Successful]]>
    </line>
    <line>
      <![CDATA[DatePicker selection is  Successful]]>
    </line>
    <line>
      <![CDATA[DatePicker selection is  Successful]]>
    </line>
    <line>
      <![CDATA[DatePicker selection is  Successful]]>
    </line>
    <line>
      <![CDATA[DatePicker selection is  Successful]]>
    </line>
    <line>
      <![CDATA[DatePicker selection is  Successful]]>
    </line>
    <line>
      <![CDATA[DatePicker selection is  Successful]]>
    </line>
    <line>
      <![CDATA[DatePicker selection is  Successful]]>
    </line>
    <line>
      <![CDATA[DatePicker selection is  Successful]]>
    </line>
    <line>
      <![CDATA[DatePicker selection is  Successful]]>
    </line>
    <line>
      <![CDATA[DatePicker selection is  Successful]]>
    </line>
    <line>
      <![CDATA[DatePicker selection is  Successful]]>
    </line>
    <line>
      <![CDATA[DatePicker selection is  Successful]]>
    </line>
    <line>
      <![CDATA[DatePicker selection is  Successful]]>
    </line>
    <line>
      <![CDATA[DatePicker selection is  Successful]]>
    </line>
    <line>
      <![CDATA[DatePicker selection is  Successful]]>
    </line>
    <line>
      <![CDATA[DatePicker selection is  Successful]]>
    </line>
    <line>
      <![CDATA[DatePicker selection is  Successful]]>
    </line>
  </reporter-output>
  <suite name="Default suite" duration-ms="50968" started-at="2021-02-28T20:27:19Z" finished-at="2021-02-28T20:28:10Z">
    <groups>
    </groups>
    <test name="Default test" duration-ms="50968" started-at="2021-02-28T20:27:19Z" finished-at="2021-02-28T20:28:10Z">
      <class name="driverfactory.DatePickerTestScript">
        <test-method status="PASS" signature="launch()[pri:0, instance:driverfactory.DatePickerTestScript@3ffc5af1]" name="launch" is-config="true" duration-ms="9370" started-at="2021-03-01T01:57:19Z" finished-at="2021-03-01T01:57:29Z">
          <reporter-output>
          </reporter-output>
        </test-method> <!-- launch -->
        <test-method status="PASS" signature="datepikcerselection()[pri:0, instance:driverfactory.DatePickerTestScript@3ffc5af1]" name="datepikcerselection" duration-ms="41059" started-at="2021-03-01T01:57:29Z" finished-at="2021-03-01T01:58:10Z">
          <reporter-output>
            <line>
              <![CDATA[DatePicker selection is  Successful]]>
            </line>
            <line>
              <![CDATA[DatePicker selection is  Successful]]>
            </line>
            <line>
              <![CDATA[DatePicker selection is  Successful]]>
            </line>
            <line>
              <![CDATA[DatePicker selection is  Successful]]>
            </line>
            <line>
              <![CDATA[DatePicker selection is  Successful]]>
            </line>
            <line>
              <![CDATA[DatePicker selection is  Successful]]>
            </line>
            <line>
              <![CDATA[DatePicker selection is  Successful]]>
            </line>
            <line>
              <![CDATA[DatePicker selection is  Successful]]>
            </line>
            <line>
              <![CDATA[DatePicker selection is  Successful]]>
            </line>
            <line>
              <![CDATA[DatePicker selection is  Successful]]>
            </line>
            <line>
              <![CDATA[DatePicker selection is  Successful]]>
            </line>
            <line>
              <![CDATA[DatePicker selection is  Successful]]>
            </line>
            <line>
              <![CDATA[DatePicker selection is  Successful]]>
            </line>
            <line>
              <![CDATA[DatePicker selection is  Successful]]>
            </line>
            <line>
              <![CDATA[DatePicker selection is  Successful]]>
            </line>
            <line>
              <![CDATA[DatePicker selection is  Successful]]>
            </line>
            <line>
              <![CDATA[DatePicker selection is  Successful]]>
            </line>
            <line>
              <![CDATA[DatePicker selection is  Successful]]>
            </line>
            <line>
              <![CDATA[DatePicker selection is  Successful]]>
            </line>
            <line>
              <![CDATA[DatePicker selection is  Successful]]>
            </line>
            <line>
              <![CDATA[DatePicker selection is  Successful]]>
            </line>
            <line>
              <![CDATA[DatePicker selection is  Successful]]>
            </line>
            <line>
              <![CDATA[DatePicker selection is  Successful]]>
            </line>
            <line>
              <![CDATA[DatePicker selection is  Successful]]>
            </line>
            <line>
              <![CDATA[DatePicker selection is  Successful]]>
            </line>
            <line>
              <![CDATA[DatePicker selection is  Successful]]>
            </line>
            <line>
              <![CDATA[DatePicker selection is  Successful]]>
            </line>
            <line>
              <![CDATA[DatePicker selection is  Successful]]>
            </line>
            <line>
              <![CDATA[DatePicker selection is  Successful]]>
            </line>
            <line>
              <![CDATA[DatePicker selection is  Successful]]>
            </line>
            <line>
              <![CDATA[DatePicker selection is  Successful]]>
            </line>
            <line>
              <![CDATA[DatePicker selection is  Successful]]>
            </line>
            <line>
              <![CDATA[DatePicker selection is  Successful]]>
            </line>
            <line>
              <![CDATA[DatePicker selection is  Successful]]>
            </line>
            <line>
              <![CDATA[DatePicker selection is  Successful]]>
            </line>
            <line>
              <![CDATA[DatePicker selection is  Successful]]>
            </line>
            <line>
              <![CDATA[DatePicker selection is  Successful]]>
            </line>
            <line>
              <![CDATA[DatePicker selection is  Successful]]>
            </line>
            <line>
              <![CDATA[DatePicker selection is  Successful]]>
            </line>
            <line>
              <![CDATA[DatePicker selection is  Successful]]>
            </line>
            <line>
              <![CDATA[DatePicker selection is  Successful]]>
            </line>
            <line>
              <![CDATA[DatePicker selection is  Successful]]>
            </line>
          </reporter-output>
        </test-method> <!-- datepikcerselection -->
        <test-method status="PASS" signature="teardown()[pri:0, instance:driverfactory.DatePickerTestScript@3ffc5af1]" name="teardown" is-config="true" duration-ms="476" started-at="2021-03-01T01:58:10Z" finished-at="2021-03-01T01:58:10Z">
          <reporter-output>
          </reporter-output>
        </test-method> <!-- teardown -->
      </class> <!-- driverfactory.DatePickerTestScript -->
    </test> <!-- Default test -->
  </suite> <!-- Default suite -->
</testng-results>
